Assembler report for Picoblaze_Practice
Fri Feb 26 00:45:33 2021
Quartus II 64-Bit Version 14.1.0 Build 186 12/03/2014 SJ Web Edition


---------------------
; Table of Contents ;
---------------------
  1. Legal Notice
  2. Assembler Summary
  3. Assembler Settings
  4. Assembler Generated Files
  5. Assembler Device Options: C:/Users/jinil/OneDrive - The University Of British Columbia/ELEC/3rd Year/CPEN 311/in class/picoblaze/template_de1_soc/template_de1_soc/Picoblaze_Practice.sof
  6. Assembler Device Options: C:/Users/jinil/OneDrive - The University Of British Columbia/ELEC/3rd Year/CPEN 311/in class/picoblaze/template_de1_soc/template_de1_soc/Picoblaze_Practice.pof
  7. Assembler Messages



----------------
; Legal Notice ;
----------------
Copyright (C) 1991-2014 Altera Corporation. All rights reserved.
Your use of Altera Corporation's design tools, logic functions 
and other software and tools, and its AMPP partner logic 
functions, and any output files from any of the foregoing 
(including device programming or simulation files), and any 
associated documentation or information are expressly subject 
to the terms and conditions of the Altera Program License 
Subscription Agreement, the Altera Quartus II License Agreement,
the Altera MegaCore Function License Agreement, or other 
applicable license agreement, including, without limitation, 
that your use is for the sole purpose of programming logic 
devices manufactured by Altera and sold by Altera or its 
authorized distributors.  Please refer to the applicable 
agreement for further details.



+---------------------------------------------------------------+
; Assembler Summary                                             ;
+-----------------------+---------------------------------------+
; Assembler Status      ; Successful - Fri Feb 26 00:45:33 2021 ;
; Revision Name         ; Picoblaze_Practice                    ;
; Top-level Entity Name ; Picoblaze_Practice                    ;
; Family                ; Cyclone V                             ;
; Device                ; 5CSEMA5F31C6                          ;
+-----------------------+---------------------------------------+


+----------------------------------+
; Assembler Settings               ;
+--------+---------+---------------+
; Option ; Setting ; Default Value ;
+--------+---------+---------------+


+-----------------------------------------------------------------------------------------------------------------------------------------------------------------+
; Assembler Generated Files                                                                                                                                       ;
+-----------------------------------------------------------------------------------------------------------------------------------------------------------------+
; File Name                                                                                                                                                       ;
+-----------------------------------------------------------------------------------------------------------------------------------------------------------------+
; C:/Users/jinil/OneDrive - The University Of British Columbia/ELEC/3rd Year/CPEN 311/in class/picoblaze/template_de1_soc/template_de1_soc/Picoblaze_Practice.sof ;
; C:/Users/jinil/OneDrive - The University Of British Columbia/ELEC/3rd Year/CPEN 311/in class/picoblaze/template_de1_soc/template_de1_soc/Picoblaze_Practice.pof ;
+-----------------------------------------------------------------------------------------------------------------------------------------------------------------+


+-------------------------------------------------------------------------------------------------------------------------------------------------------------------------------------------+
; Assembler Device Options: C:/Users/jinil/OneDrive - The University Of British Columbia/ELEC/3rd Year/CPEN 311/in class/picoblaze/template_de1_soc/template_de1_soc/Picoblaze_Practice.sof ;
+----------------+--------------------------------------------------------------------------------------------------------------------------------------------------------------------------+
; Option         ; Setting                                                                                                                                                                  ;
+----------------+--------------------------------------------------------------------------------------------------------------------------------------------------------------------------+
; Device         ; 5CSEMA5F31C6                                                                                                                                                             ;
; JTAG usercode  ; 0x00D446CE                                                                                                                                                               ;
; Checksum       ; 0x00D446CE                                                                                                                                                               ;
+----------------+--------------------------------------------------------------------------------------------------------------------------------------------------------------------------+


+-------------------------------------------------------------------------------------------------------------------------------------------------------------------------------------------+
; Assembler Device Options: C:/Users/jinil/OneDrive - The University Of British Columbia/ELEC/3rd Year/CPEN 311/in class/picoblaze/template_de1_soc/template_de1_soc/Picoblaze_Practice.pof ;
+--------------------+----------------------------------------------------------------------------------------------------------------------------------------------------------------------+
; Option             ; Setting                                                                                                                                                              ;
+--------------------+----------------------------------------------------------------------------------------------------------------------------------------------------------------------+
; Device             ; EPCS128                                                                                                                                                              ;
; JTAG usercode      ; 0x00000000                                                                                                                                                           ;
; Checksum           ; 0xE2C56722                                                                                                                                                           ;
; Compression Ratio  ; 3                                                                                                                                                                    ;
+--------------------+----------------------------------------------------------------------------------------------------------------------------------------------------------------------+


+--------------------+
; Assembler Messages ;
+--------------------+
Info: *******************************************************************
Info: Running Quartus II 64-Bit Assembler
    Info: Version 14.1.0 Build 186 12/03/2014 SJ Web Edition
    Info: Processing started: Fri Feb 26 00:45:23 2021
Info: Command: quartus_asm --read_settings_files=off --write_settings_files=off Picoblaze_Practice -c Picoblaze_Practice
Warning (125092): Tcl Script File flash/flash.qip not found
    Info (125063): set_global_assignment -name QIP_FILE flash/flash.qip
Info (115030): Assembler is generating device programming files
Info: Quartus II 64-Bit Assembler was successful. 0 errors, 1 warning
    Info: Peak virtual memory: 4850 megabytes
    Info: Processing ended: Fri Feb 26 00:45:33 2021
    Info: Elapsed time: 00:00:10
    Info: Total CPU time (on all processors): 00:00:10


